<?xml version="1.0" encoding="UTF-8"?>
<testsuite name="TachographTest" tests="1" skipped="0" failures="0" errors="0" timestamp="2021-03-01T17:45:26" hostname="ANNA-DELL" time="0.003">
  <properties/>
  <testcase name="test" classname="TachographTest" time="0.003"/>
  <system-out><![CDATA[]]></system-out>
  <system-err><![CDATA[]]></system-err>
</testsuite>
